{"C:\\Users\\alok\\Desktop\\Food-Ordering\\src\\components\\Contact.js": {"path":"C:\\Users\\alok\\Desktop\\Food-Ordering\\src\\components\\Contact.js","statementMap":{"0":{"start":{"line":1,"column":16},"end":{"line":11,"column":1}},"1":{"start":{"line":2,"column":4},"end":{"line":10,"column":6}}},"fnMap":{"0":{"name":"(anonymous_0)","decl":{"start":{"line":1,"column":16},"end":{"line":1,"column":17}},"loc":{"start":{"line":1,"column":21},"end":{"line":11,"column":1}},"line":1}},"branchMap":{},"s":{"0":1,"1":3},"f":{"0":3},"b":{},"_coverageSchema":"1a1c01bbd47fc00a2c39e90264f33305004495a9","hash":"75d769aed83b0f02e109801366c0d911c3fa1670"}
}
